This is pdfTeX, Version 3.14159265-2.6-1.40.20 (TeX Live 2019/Debian) (preloaded format=pdflatex 2020.4.26)  8 MAY 2020 00:30
entering extended mode
 restricted \write18 enabled.
 %&-line parsing enabled.
**components.tex
(./components.tex
LaTeX2e <2020-02-02> patch level 2
L3 programming layer <2020-02-14>
(/usr/share/texlive/texmf-dist/tex/latex/base/article.cls
Document Class: article 2019/12/20 v1.4l Standard LaTeX document class
(/usr/share/texlive/texmf-dist/tex/latex/base/size12.clo
File: size12.clo 2019/12/20 v1.4l Standard LaTeX file (size option)
)
\c@part=\count167
\c@section=\count168
\c@subsection=\count169
\c@subsubsection=\count170
\c@paragraph=\count171
\c@subparagraph=\count172
\c@figure=\count173
\c@table=\count174
\abovecaptionskip=\skip47
\belowcaptionskip=\skip48
\bibindent=\dimen134
)
(/usr/share/texlive/texmf-dist/tex/latex/base/fontenc.sty
Package: fontenc 2020/02/11 v2.0o Standard LaTeX package
)
(/usr/share/texlive/texmf-dist/tex/latex/graphics/graphicx.sty
Package: graphicx 2019/11/30 v1.2a Enhanced LaTeX Graphics (DPC,SPQR)

(/usr/share/texlive/texmf-dist/tex/latex/graphics/keyval.sty
Package: keyval 2014/10/28 v1.15 key=value parser (DPC)
\KV@toks@=\toks14
)
(/usr/share/texlive/texmf-dist/tex/latex/graphics/graphics.sty
Package: graphics 2019/11/30 v1.4a Standard LaTeX Graphics (DPC,SPQR)

(/usr/share/texlive/texmf-dist/tex/latex/graphics/trig.sty
Package: trig 2016/01/03 v1.10 sin cos tan (DPC)
)
(/usr/share/texlive/texmf-dist/tex/latex/graphics-cfg/graphics.cfg
File: graphics.cfg 2016/06/04 v1.11 sample graphics configuration
)
Package graphics Info: Driver file: pdftex.def on input line 105.

(/usr/share/texlive/texmf-dist/tex/latex/graphics-def/pdftex.def
File: pdftex.def 2018/01/08 v1.0l Graphics/color driver for pdftex
))
\Gin@req@height=\dimen135
\Gin@req@width=\dimen136
)
(/usr/share/texlive/texmf-dist/tex/latex/caption/caption.sty
Package: caption 2020/01/03 v3.4h Customizing captions (AR)

(/usr/share/texlive/texmf-dist/tex/latex/caption/caption3.sty
Package: caption3 2020/01/03 v1.8h caption3 kernel (AR)
Package caption3 Info: TeX engine: e-TeX on input line 61.
\captionmargin=\dimen137
\captionmargin@=\dimen138
\captionwidth=\dimen139
\caption@tempdima=\dimen140
\caption@indent=\dimen141
\caption@parindent=\dimen142
\caption@hangindent=\dimen143
Package caption Info: Standard document class detected.
)
\c@caption@flags=\count175
\c@continuedfloat=\count176
)
(/usr/share/texlive/texmf-dist/tex/latex/tools/array.sty
Package: array 2019/08/31 v2.4l Tabular extension package (FMi)
\col@sep=\dimen144
\ar@mcellbox=\box45
\extrarowheight=\dimen145
\NC@list=\toks15
\extratabsurround=\skip49
\backup@length=\skip50
\ar@cellbox=\box46
)
(/usr/share/texlive/texmf-dist/tex/latex/l3backend/l3backend-pdfmode.def
File: l3backend-pdfmode.def 2020-02-03 L3 backend support: PDF mode
\l__kernel_color_stack_int=\count177
\l__pdf_internal_box=\box47
)
(./components.aux)
\openout1 = `components.aux'.

LaTeX Font Info:    Checking defaults for OML/cmm/m/it on input line 6.
LaTeX Font Info:    ... okay on input line 6.
LaTeX Font Info:    Checking defaults for OMS/cmsy/m/n on input line 6.
LaTeX Font Info:    ... okay on input line 6.
LaTeX Font Info:    Checking defaults for OT1/cmr/m/n on input line 6.
LaTeX Font Info:    ... okay on input line 6.
LaTeX Font Info:    Checking defaults for T1/cmr/m/n on input line 6.
LaTeX Font Info:    ... okay on input line 6.
LaTeX Font Info:    Checking defaults for TS1/cmr/m/n on input line 6.
LaTeX Font Info:    ... okay on input line 6.
LaTeX Font Info:    Checking defaults for OMX/cmex/m/n on input line 6.
LaTeX Font Info:    ... okay on input line 6.
LaTeX Font Info:    Checking defaults for U/cmr/m/n on input line 6.
LaTeX Font Info:    ... okay on input line 6.

(/usr/share/texlive/texmf-dist/tex/context/base/mkii/supp-pdf.mkii
[Loading MPS to PDF converter (version 2006.09.02).]
\scratchcounter=\count178
\scratchdimen=\dimen146
\scratchbox=\box48
\nofMPsegments=\count179
\nofMParguments=\count180
\everyMPshowfont=\toks16
\MPscratchCnt=\count181
\MPscratchDim=\dimen147
\MPnumerator=\count182
\makeMPintoPDFobject=\count183
\everyMPtoPDFconversion=\toks17
) (/usr/share/texlive/texmf-dist/tex/latex/epstopdf-pkg/epstopdf-base.sty
Package: epstopdf-base 2020-01-24 v2.11 Base part for package epstopdf
Package epstopdf-base Info: Redefining graphics rule for `.eps' on input line 4
85.

(/usr/share/texlive/texmf-dist/tex/latex/latexconfig/epstopdf-sys.cfg
File: epstopdf-sys.cfg 2010/07/13 v1.3 Configuration of (r)epstopdf for TeX Liv
e
))
Package caption Info: Begin \AtBeginDocument code.
Package caption Info: End \AtBeginDocument code.
<tcs.png, id=1, 313.17pt x 311.1625pt>
File: tcs.png Graphic file (type png)
<use tcs.png>
Package pdftex.def Info: tcs.png  used on input line 11.
(pdftex.def)             Requested size: 140.39958pt x 139.5043pt.
LaTeX Font Info:    External font `cmex10' loaded for size
(Font)              <12> on input line 12.
LaTeX Font Info:    External font `cmex10' loaded for size
(Font)              <8> on input line 12.
LaTeX Font Info:    External font `cmex10' loaded for size
(Font)              <6> on input line 12.

Underfull \hbox (badness 10000) in paragraph at lines 15--19

 []

<filtry.png, id=3, 828.09375pt x 272.01625pt>
File: filtry.png Graphic file (type png)
<use filtry.png>
Package pdftex.def Info: filtry.png  used on input line 37.
(pdftex.def)             Requested size: 351.0006pt x 115.3003pt.

Overfull \hbox (156.0006pt too wide) in paragraph at lines 37--38
[][] 
 []

<serwo.png, id=4, 600.2425pt x 425.59pt>
File: serwo.png Graphic file (type png)
<use serwo.png>
Package pdftex.def Info: serwo.png  used on input line 42.
(pdftex.def)             Requested size: 331.50238pt x 235.0493pt.
[1

{/var/lib/texmf/fonts/map/pdftex/updmap/pdftex.map} <./tcs.png> <./filtry.png>]
<ard_front.png, id=16, 280.04625pt x 178.6675pt>
File: ard_front.png Graphic file (type png)
<use ard_front.png>
Package pdftex.def Info: ard_front.png  used on input line 77.
(pdftex.def)             Requested size: 331.50238pt x 211.50464pt.
<ard_back.png, id=17, 263.98625pt x 193.72375pt>
File: ard_back.png Graphic file (type png)
<use ard_back.png>
Package pdftex.def Info: ard_back.png  used on input line 80.
(pdftex.def)             Requested size: 331.50238pt x 243.28326pt.
 [2 <./serwo.png>]
Underfull \hbox (badness 10000) in paragraph at lines 89--90
[]|\T1/cmr/m/n/12 mikroczip AT-
 []

[3 <./ard_front.png> <./ard_back.png>]
<zasilacz.png, id=28, 460.72125pt x 365.365pt>
File: zasilacz.png Graphic file (type png)
<use zasilacz.png>
Package pdftex.def Info: zasilacz.png  used on input line 121.
(pdftex.def)             Requested size: 331.50238pt x 262.88977pt.
 [4 <./zasilacz.png>]
<switcher.png, id=33, 311.1625pt x 227.85126pt>
File: switcher.png Graphic file (type png)
<use switcher.png>
Package pdftex.def Info: switcher.png  used on input line 147.
(pdftex.def)             Requested size: 331.50238pt x 242.74846pt.

Overfull \hbox (26.8905pt too wide) in paragraph at lines 151--152
\T1/cmr/m/n/12 Pozwala na reg-u-lowanie dopªywu pr¡du tzn, wª¡czanie urz¡dzenia
 oraz wyª¡czanie. 
 []

[5 <./switcher.png>]
<circuit_better.png, id=38, 1123.19624pt x 833.1125pt>
File: circuit_better.png Graphic file (type png)
<use circuit_better.png>
Package pdftex.def Info: circuit_better.png  used on input line 166.
(pdftex.def)             Requested size: 561.59674pt x 416.55524pt.

Overfull \hbox (93.35167pt too wide) in paragraph at lines 165--168
 []
 []

[6] [7 <./circuit_better.png>] [8] (./components.aux) ) 
Here is how much of TeX's memory you used:
 2577 strings out of 483140
 39874 string characters out of 5965151
 267741 words of memory out of 5000000
 17613 multiletter control sequences out of 15000+600000
 540039 words of font info for 40 fonts, out of 8000000 for 9000
 36 hyphenation exceptions out of 8191
 41i,8n,42p,952b,248s stack positions out of 5000i,500n,10000p,200000b,80000s
 </home/piotr/.texlive20
19/texmf-var/fonts/pk/ljfour/jknappen/ec/tcrm1200.600pk> </home/piotr/.texlive2
019/texmf-var/fonts/pk/ljfour/jknappen/ec/ecrm1200.600pk> </home/piotr/.texlive
2019/texmf-var/fonts/pk/ljfour/jknappen/ec/ecbx1200.600pk> </home/piotr/.texliv
e2019/texmf-var/fonts/pk/ljfour/jknappen/ec/ecbx1440.600pk> </home/piotr/.texli
ve2019/texmf-var/fonts/pk/ljfour/jknappen/ec/ecbx1728.600pk>
Output written on components.pdf (8 pages, 1172265 bytes).
PDF statistics:
 235 PDF objects out of 1000 (max. 8388607)
 41 compressed objects within 1 object stream
 0 named destinations out of 1000 (max. 500000)
 41 words of extra memory for PDF output out of 10000 (max. 10000000)

