This is pdfTeX, Version 3.14159265-2.6-1.40.20 (TeX Live 2019/Debian) (preloaded format=pdflatex 2020.4.26)  10 MAY 2020 23:00
entering extended mode
 restricted \write18 enabled.
 %&-line parsing enabled.
**connections.tex
(./connections.tex
LaTeX2e <2020-02-02> patch level 2
L3 programming layer <2020-02-14>
(/usr/share/texlive/texmf-dist/tex/latex/base/article.cls
Document Class: article 2019/12/20 v1.4l Standard LaTeX document class
(/usr/share/texlive/texmf-dist/tex/latex/base/size12.clo
File: size12.clo 2019/12/20 v1.4l Standard LaTeX file (size option)
)
\c@part=\count167
\c@section=\count168
\c@subsection=\count169
\c@subsubsection=\count170
\c@paragraph=\count171
\c@subparagraph=\count172
\c@figure=\count173
\c@table=\count174
\abovecaptionskip=\skip47
\belowcaptionskip=\skip48
\bibindent=\dimen134
)
(/usr/share/texlive/texmf-dist/tex/latex/base/fontenc.sty
Package: fontenc 2020/02/11 v2.0o Standard LaTeX package
)
(/usr/share/texlive/texmf-dist/tex/latex/graphics/graphicx.sty
Package: graphicx 2019/11/30 v1.2a Enhanced LaTeX Graphics (DPC,SPQR)

(/usr/share/texlive/texmf-dist/tex/latex/graphics/keyval.sty
Package: keyval 2014/10/28 v1.15 key=value parser (DPC)
\KV@toks@=\toks14
)
(/usr/share/texlive/texmf-dist/tex/latex/graphics/graphics.sty
Package: graphics 2019/11/30 v1.4a Standard LaTeX Graphics (DPC,SPQR)

(/usr/share/texlive/texmf-dist/tex/latex/graphics/trig.sty
Package: trig 2016/01/03 v1.10 sin cos tan (DPC)
)
(/usr/share/texlive/texmf-dist/tex/latex/graphics-cfg/graphics.cfg
File: graphics.cfg 2016/06/04 v1.11 sample graphics configuration
)
Package graphics Info: Driver file: pdftex.def on input line 105.

(/usr/share/texlive/texmf-dist/tex/latex/graphics-def/pdftex.def
File: pdftex.def 2018/01/08 v1.0l Graphics/color driver for pdftex
))
\Gin@req@height=\dimen135
\Gin@req@width=\dimen136
)
(/usr/share/texlive/texmf-dist/tex/latex/caption/caption.sty
Package: caption 2020/01/03 v3.4h Customizing captions (AR)

(/usr/share/texlive/texmf-dist/tex/latex/caption/caption3.sty
Package: caption3 2020/01/03 v1.8h caption3 kernel (AR)
Package caption3 Info: TeX engine: e-TeX on input line 61.
\captionmargin=\dimen137
\captionmargin@=\dimen138
\captionwidth=\dimen139
\caption@tempdima=\dimen140
\caption@indent=\dimen141
\caption@parindent=\dimen142
\caption@hangindent=\dimen143
Package caption Info: Standard document class detected.
)
\c@caption@flags=\count175
\c@continuedfloat=\count176
)
(/usr/share/texlive/texmf-dist/tex/latex/tools/array.sty
Package: array 2019/08/31 v2.4l Tabular extension package (FMi)
\col@sep=\dimen144
\ar@mcellbox=\box45
\extrarowheight=\dimen145
\NC@list=\toks15
\extratabsurround=\skip49
\backup@length=\skip50
\ar@cellbox=\box46
)
(/usr/share/texlive/texmf-dist/tex/latex/l3backend/l3backend-pdfmode.def
File: l3backend-pdfmode.def 2020-02-03 L3 backend support: PDF mode
\l__kernel_color_stack_int=\count177
\l__pdf_internal_box=\box47
)
(./connections.aux)
\openout1 = `connections.aux'.

LaTeX Font Info:    Checking defaults for OML/cmm/m/it on input line 12.
LaTeX Font Info:    ... okay on input line 12.
LaTeX Font Info:    Checking defaults for OMS/cmsy/m/n on input line 12.
LaTeX Font Info:    ... okay on input line 12.
LaTeX Font Info:    Checking defaults for OT1/cmr/m/n on input line 12.
LaTeX Font Info:    ... okay on input line 12.
LaTeX Font Info:    Checking defaults for T1/cmr/m/n on input line 12.
LaTeX Font Info:    ... okay on input line 12.
LaTeX Font Info:    Checking defaults for TS1/cmr/m/n on input line 12.
LaTeX Font Info:    ... okay on input line 12.
LaTeX Font Info:    Checking defaults for OMX/cmex/m/n on input line 12.
LaTeX Font Info:    ... okay on input line 12.
LaTeX Font Info:    Checking defaults for U/cmr/m/n on input line 12.
LaTeX Font Info:    ... okay on input line 12.

(/usr/share/texlive/texmf-dist/tex/context/base/mkii/supp-pdf.mkii
[Loading MPS to PDF converter (version 2006.09.02).]
\scratchcounter=\count178
\scratchdimen=\dimen146
\scratchbox=\box48
\nofMPsegments=\count179
\nofMParguments=\count180
\everyMPshowfont=\toks16
\MPscratchCnt=\count181
\MPscratchDim=\dimen147
\MPnumerator=\count182
\makeMPintoPDFobject=\count183
\everyMPtoPDFconversion=\toks17
) (/usr/share/texlive/texmf-dist/tex/latex/epstopdf-pkg/epstopdf-base.sty
Package: epstopdf-base 2020-01-24 v2.11 Base part for package epstopdf
Package epstopdf-base Info: Redefining graphics rule for `.eps' on input line 4
85.

(/usr/share/texlive/texmf-dist/tex/latex/latexconfig/epstopdf-sys.cfg
File: epstopdf-sys.cfg 2010/07/13 v1.3 Configuration of (r)epstopdf for TeX Liv
e
))
Package caption Info: Begin \AtBeginDocument code.
Package caption Info: End \AtBeginDocument code.
LaTeX Font Info:    External font `cmex10' loaded for size
(Font)              <14.4> on input line 15.
LaTeX Font Info:    External font `cmex10' loaded for size
(Font)              <7> on input line 15.

[1

{/var/lib/texmf/fonts/map/pdftex/updmap/pdftex.map}]
<circuit_better.png, id=9, 1123.19624pt x 833.1125pt>
File: circuit_better.png Graphic file (type png)
<use circuit_better.png>
Package pdftex.def Info: circuit_better.png  used on input line 22.
(pdftex.def)             Requested size: 561.59674pt x 416.55524pt.

Overfull \hbox (93.35167pt too wide) in paragraph at lines 21--24
 []
 []

[1 <./circuit_better.png>]
Overfull \hbox (0.28752pt too wide) in paragraph at lines 31--31
[]\T1/cmr/m/n/12 TCS zwraca( OUT) cz¦s-totliow±¢ zwrotn¡ dla zadanej kom-bi-nac
ji. TCS
 []

<wspol.png, id=18, 601.24625pt x 494.84875pt>
File: wspol.png Graphic file (type png)
<use wspol.png>
Package pdftex.def Info: wspol.png  used on input line 36.
(pdftex.def)             Requested size: 480.99763pt x 395.87955pt.

Overfull \hbox (41.20532pt too wide) in paragraph at lines 35--37
 [] 
 []

[2]
<inter.png, id=22, 609.27625pt x 443.6575pt>
File: inter.png Graphic file (type png)
<use inter.png>
Package pdftex.def Info: inter.png  used on input line 39.
(pdftex.def)             Requested size: 487.42165pt x 354.92647pt.

Overfull \hbox (47.62933pt too wide) in paragraph at lines 38--40
 [] 
 []

[3 <./wspol.png>]
<protocol_ex.png, id=27, 651.43375pt x 452.69125pt>
File: protocol_ex.png Graphic file (type png)
<use protocol_ex.png>
Package pdftex.def Info: protocol_ex.png  used on input line 43.
(pdftex.def)             Requested size: 521.14769pt x 362.15349pt.

Overfull \hbox (81.35538pt too wide) in paragraph at lines 42--44
 [] 
 []

[4 <./inter.png>] [5 <./protocol_ex.png>] (./connections.aux) ) 
Here is how much of TeX's memory you used:
 2538 strings out of 483140
 39407 string characters out of 5965151
 267742 words of memory out of 5000000
 17584 multiletter control sequences out of 15000+600000
 538949 words of font info for 35 fonts, out of 8000000 for 9000
 36 hyphenation exceptions out of 8191
 41i,6n,42p,953b,183s stack positions out of 5000i,500n,10000p,200000b,80000s
 </home/piotr/.t
exlive2019/texmf-var/fonts/pk/ljfour/jknappen/ec/ecbx1200.600pk> </home/piotr/.
texlive2019/texmf-var/fonts/pk/ljfour/jknappen/ec/ecbx1440.600pk> </home/piotr/
.texlive2019/texmf-var/fonts/pk/ljfour/jknappen/ec/ecbx1728.600pk> </home/piotr
/.texlive2019/texmf-var/fonts/pk/ljfour/jknappen/ec/ecrm1200.600pk> </home/piot
r/.texlive2019/texmf-var/fonts/pk/ljfour/jknappen/ec/ecrm1440.600pk> </home/pio
tr/.texlive2019/texmf-var/fonts/pk/ljfour/jknappen/ec/ecrm2074.600pk>
Output written on connections.pdf (6 pages, 592864 bytes).
PDF statistics:
 240 PDF objects out of 1000 (max. 8388607)
 39 compressed objects within 1 object stream
 0 named destinations out of 1000 (max. 500000)
 21 words of extra memory for PDF output out of 10000 (max. 10000000)

